2024-11-05 9:45:12 AM	This log contains information about the import schema operation into project 'adventure2014web' on computer 'WORK' by user 'adamga'.
2024-11-05 9:45:12 AM	Import of database schema has started.
2024-11-05 9:45:15 AM	Gathering database credentials
2024-11-05 9:45:15 AM	Gathering database options
2024-11-05 9:45:15 AM	Gathering generic database scoped configuration option
2024-11-05 9:45:15 AM	Gathering users
2024-11-05 9:45:15 AM	Gathering roles
2024-11-05 9:45:15 AM	Gathering application roles
2024-11-05 9:45:15 AM	Gathering role memberships
2024-11-05 9:45:15 AM	Gathering filegroups
2024-11-05 9:45:15 AM	Gathering full-text catalogs
2024-11-05 9:45:15 AM	Gathering assemblies
2024-11-05 9:45:15 AM	Gathering certificates
2024-11-05 9:45:15 AM	Gathering asymmetric keys
2024-11-05 9:45:15 AM	Gathering symmetric keys
2024-11-05 9:45:15 AM	Gathering encrypted symmetric keys
2024-11-05 9:45:15 AM	Gathering schemas
2024-11-05 9:45:15 AM	Gathering XML schema collections
2024-11-05 9:45:15 AM	Gathering user-defined data types
2024-11-05 9:45:15 AM	Gathering user-defined types
2024-11-05 9:45:15 AM	Gathering table types
2024-11-05 9:45:15 AM	Gathering unique keys for table types
2024-11-05 9:45:15 AM	Gathering primary keys for table types
2024-11-05 9:45:15 AM	Gathering indexes for table types
2024-11-05 9:45:15 AM	Gathering check constraints for table types
2024-11-05 9:45:15 AM	Gathering default constraints for table types
2024-11-05 9:45:15 AM	Gathering partition functions
2024-11-05 9:45:15 AM	Gathering partition schemes
2024-11-05 9:45:15 AM	Gathering functions
2024-11-05 9:45:15 AM	Gathering encrypted functions
2024-11-05 9:45:15 AM	Gathering aggregates
2024-11-05 9:45:15 AM	Gathering procedures
2024-11-05 9:45:15 AM	Gathering encrypted procedures
2024-11-05 9:45:15 AM	Gathering tables
2024-11-05 9:45:15 AM	Gathering primary keys
2024-11-05 9:45:15 AM	Gathering unique constraints
2024-11-05 9:45:15 AM	Gathering foreign keys
2024-11-05 9:45:15 AM	Gathering default constraints
2024-11-05 9:45:15 AM	Gathering check constraints
2024-11-05 9:45:15 AM	Gathering views
2024-11-05 9:45:15 AM	Gathering encrypted views
2024-11-05 9:45:15 AM	Gathering indexes
2024-11-05 9:45:15 AM	Gathering statistics
2024-11-05 9:45:15 AM	Gathering full-text index stoplists
2024-11-05 9:45:15 AM	Gathering search property lists
2024-11-05 9:45:15 AM	Gathering search properties
2024-11-05 9:45:15 AM	Gathering full-text indexes
2024-11-05 9:45:15 AM	Gathering column store indexes
2024-11-05 9:45:15 AM	Gathering spatial indexes
2024-11-05 9:45:15 AM	Gathering XML indexes
2024-11-05 9:45:15 AM	Gathering Selective XML indexes
2024-11-05 9:45:15 AM	Gathering encrypted triggers
2024-11-05 9:45:15 AM	Gathering triggers
2024-11-05 9:45:15 AM	Gathering encrypted and clr ddl triggers
2024-11-05 9:45:15 AM	Gathering ddl triggers
2024-11-05 9:45:15 AM	Creating edge constraints
2024-11-05 9:45:15 AM	Gathering synonyms
2024-11-05 9:45:15 AM	Gathering defaults
2024-11-05 9:45:15 AM	Gathering data constraint uddt bindings
2024-11-05 9:45:15 AM	Gathering rules
2024-11-05 9:45:15 AM	Gathering data constraint uddt bindings
2024-11-05 9:45:15 AM	Gathering message types
2024-11-05 9:45:15 AM	Gathering queues
2024-11-05 9:45:15 AM	Gathering contracts
2024-11-05 9:45:15 AM	Gathering services
2024-11-05 9:45:15 AM	Gathering event notifications
2024-11-05 9:45:15 AM	Gathering remote service bindings
2024-11-05 9:45:15 AM	Gathering broker priorities
2024-11-05 9:45:15 AM	Gathering signatures
2024-11-05 9:45:15 AM	Gathering compression options
2024-11-05 9:45:15 AM	Gathering sequence types
2024-11-05 9:45:15 AM	Gathering security policies
2024-11-05 9:45:15 AM	Gather column encryption keys
2024-11-05 9:45:15 AM	Gathering column master keys
2024-11-05 9:45:15 AM	Gathering external data sources
2024-11-05 9:45:15 AM	Gathering external file formats
2024-11-05 9:45:15 AM	Gathering external tables
2024-11-05 9:45:15 AM	Gathering extended properties
2024-11-05 9:45:15 AM	Gathering assemblies
2024-11-05 9:45:15 AM	Gathering credentials
2024-11-05 9:45:15 AM	Gathering logins
2024-11-05 9:45:15 AM	Gathering server audits
2024-11-05 9:45:16 AM	Scanning project for duplicate elements
2024-11-05 9:45:16 AM	Finished duplicate element processing
2024-11-05 9:45:20 AM	Finished importing database.
2024-11-05 9:45:20 AM	A summary of the import was saved to the following location: c:\repos\adventureweb\adventure2014web\adventure2014web\Import Schema Logs\adventure2014web_20241105024512.log
2024-11-05 9:45:20 AM	Click Finish to continue...
